<?xml version="1.0" encoding="UTF-8" standalone="no"?>
<testsuite failures="0" name="cucumber.runtime.formatter.JUnitFormatter" skipped="0" tests="1" time="0">
<testcase classname="Free CRM HomePage Feature" name="Verify user can access the home page" time="0">
<system-out><![CDATA[Given user is on home page..................................................skipped
When user verify title of the page..........................................skipped
Then user verify logo of the page...........................................skipped
]]></system-out>
</testcase>
</testsuite>
