<?xml version="1.0" encoding="UTF-8"?>
<!-- Generated by org.testng.reporters.JUnitXMLReporter -->
<testsuite hostname="G4XCQHG3E" ignored="0" name="RestAPIAutomationTest" tests="1" failures="1" timestamp="06 Jun 2022 18:20:47 GMT" time="0.232" errors="0">
  <testcase name="getListOfAvailableBooks" time="0.218" classname="com.qa.bookstoreapi.GETBookStoreAPI">
    <failure type="java.lang.NoClassDefFoundError" message="io/restassured/mapper/factory/GsonObjectMapperFactory">
      <![CDATA[java.lang.NoClassDefFoundError: io/restassured/mapper/factory/GsonObjectMapperFactory
	at io.restassured.config.RestAssuredConfig.<init>(RestAssuredConfig.java:41)
	at io.restassured.RestAssured.<clinit>(RestAssured.java:420)
	at com.qa.bookstoreapi.GETBookStoreAPI.getListOfAvailableBooks(GETBookStoreAPI.java:37)
Caused by: java.lang.ClassNotFoundException: io.restassured.mapper.factory.GsonObjectMapperFactory
	at java.net.URLClassLoader.findClass(Unknown Source)
	at java.lang.ClassLoader.loadClass(Unknown Source)
	at sun.misc.Launcher$AppClassLoader.loadClass(Unknown Source)
	at java.lang.ClassLoader.loadClass(Unknown Source)
	... 28 more
... Removed 25 stack frames]]>
    </failure>
  </testcase> <!-- getListOfAvailableBooks -->
</testsuite> <!-- RestAPIAutomationTest -->
